<?xml version="1.0" encoding="UTF-8"?>
<!-- Generated by org.testng.reporters.JUnitReportReporter -->
<testsuite hostname="DESKTOP-EH97OHI" failures="0" tests="1" name="Runner.runner" time="55.072" errors="0" timestamp="2024-05-15T21:19:54 IST" skipped="0">
  <testcase classname="Runner.runner" name="runScenario" time="55.072"/>
</testsuite> <!-- Runner.runner -->
