<?xml version="1.0" encoding="UTF-8"?>
<!-- Generated by org.testng.reporters.JUnitReportReporter -->
<testsuite hostname="DESKTOP-EH97OHI" failures="0" tests="1" name="Runner.runner" time="0.000" errors="0" timestamp="2024-05-15T14:05:27 IST" skipped="1">
  <testcase classname="Runner.runner" name="runScenario" time="0.000">
    <skipped/>
  </testcase> <!-- runScenario -->
</testsuite> <!-- Runner.runner -->
